<?xml version="1.0" encoding="UTF-8"?>
<!-- Generated by org.testng.reporters.JUnitXMLReporter -->
<testsuite ignored="2" hostname="Sasikumar" failures="0" tests="1" name="Default test" time="6.935" errors="0" timestamp="2023-10-26T00:31:55 IST">
  <testcase classname="org.practices.testcase.scenarios.Scenario_One" name="Scenario3" time="6.883"/>
  <testcase classname="org.practices.testcase.scenarios.Scenario_One" name="Scenario1" time="0.0">
    <ignored/>
  </testcase> <!-- Scenario1 -->
  <testcase classname="org.practices.testcase.scenarios.Scenario_One" name="Scenario2" time="0.0">
    <ignored/>
  </testcase> <!-- Scenario2 -->
</testsuite> <!-- Default test -->
