<?xml version="1.0" encoding="UTF-8"?>
<!-- Generated by org.testng.reporters.JUnitXMLReporter -->
<testsuite ignored="1" hostname="Sasikumar" failures="0" tests="1" name="Default test" time="5.216" errors="0" timestamp="2023-10-25T23:23:55 IST">
  <testcase classname="org.practices.testcase.scenarios.Scenario_One" name="Scenario2" time="5.16"/>
  <testcase classname="org.practices.testcase.scenarios.Scenario_One" name="Scenario1" time="0.0">
    <ignored/>
  </testcase> <!-- Scenario1 -->
</testsuite> <!-- Default test -->
