<?xml version="1.0" encoding="UTF-8"?>
<testng-results ignored="0" total="1" passed="1" failed="0" skipped="0">
  <reporter-output>
  </reporter-output>
  <suite started-at="2023-10-25T18:48:48 IST" name="Default suite" finished-at="2023-10-25T18:48:53 IST" duration-ms="5751">
    <groups>
    </groups>
    <test started-at="2023-10-25T18:48:48 IST" name="Default test" finished-at="2023-10-25T18:48:53 IST" duration-ms="5751">
      <class name="org.practices.testcase.scenarios.Scenario_One">
        <test-method signature="Scenario1()[pri:0, instance:org.practices.testcase.scenarios.Scenario_One@42a48628]" started-at="2023-10-25T18:48:48 IST" name="Scenario1" finished-at="2023-10-25T18:48:53 IST" duration-ms="5686" status="PASS">
          <reporter-output>
          </reporter-output>
        </test-method> <!-- Scenario1 -->
      </class> <!-- org.practices.testcase.scenarios.Scenario_One -->
    </test> <!-- Default test -->
  </suite> <!-- Default suite -->
</testng-results>
