<?xml version="1.0" encoding="UTF-8"?>
<testng-results ignored="0" total="1" passed="1" failed="0" skipped="0">
  <reporter-output>
  </reporter-output>
  <suite started-at="2023-10-25T23:23:50 IST" name="Default suite" finished-at="2023-10-25T23:23:55 IST" duration-ms="5216">
    <groups>
    </groups>
    <test started-at="2023-10-25T23:23:50 IST" name="Default test" finished-at="2023-10-25T23:23:55 IST" duration-ms="5216">
      <class name="org.practices.testcase.scenarios.Scenario_One">
        <test-method signature="Scenario2()[pri:0, instance:org.practices.testcase.scenarios.Scenario_One@293a5bf6]" started-at="2023-10-25T23:23:50 IST" name="Scenario2" finished-at="2023-10-25T23:23:55 IST" duration-ms="5160" status="PASS">
          <reporter-output>
          </reporter-output>
        </test-method> <!-- Scenario2 -->
      </class> <!-- org.practices.testcase.scenarios.Scenario_One -->
    </test> <!-- Default test -->
  </suite> <!-- Default suite -->
</testng-results>
